Using pre-set license
Built from '2021.3/staging' branch; Version is '2021.3.24f1 (cf10dcf7010d) revision 13570268'; Using compiler version '192829333'; Build Type 'Release'
OS: 'Windows 10  (10.0.19045) 64bit Core' Language: 'ko' Physical Memory: 16315 MB
BatchMode: 1, IsHumanControllingUs: 0, StartBugReporterOnCrash: 0, Is64bit: 1, IsPro: 1

COMMAND LINE ARGUMENTS:
C:\Program Files\Unity 2021.3.24f1\Editor\Unity.exe
-adb2
-batchMode
-noUpm
-name
AssetImportWorker2
-projectPath
C:/UnityGit/VRchery/VRchery
-logFile
Logs/AssetImportWorker2.log
-srvPort
63810
Successfully changed project path to: C:/UnityGit/VRchery/VRchery
C:/UnityGit/VRchery/VRchery
[UnityMemory] Configuration Parameters - Can be set up in boot.config
    "memorysetup-bucket-allocator-granularity=16"
    "memorysetup-bucket-allocator-bucket-count=8"
    "memorysetup-bucket-allocator-block-size=33554432"
    "memorysetup-bucket-allocator-block-count=8"
    "memorysetup-main-allocator-block-size=16777216"
    "memorysetup-thread-allocator-block-size=16777216"
    "memorysetup-gfx-main-allocator-block-size=16777216"
    "memorysetup-gfx-thread-allocator-block-size=16777216"
    "memorysetup-cache-allocator-block-size=4194304"
    "memorysetup-typetree-allocator-block-size=2097152"
    "memorysetup-profiler-bucket-allocator-granularity=16"
    "memorysetup-profiler-bucket-allocator-bucket-count=8"
    "memorysetup-profiler-bucket-allocator-block-size=33554432"
    "memorysetup-profiler-bucket-allocator-block-count=8"
    "memorysetup-profiler-allocator-block-size=16777216"
    "memorysetup-profiler-editor-allocator-block-size=1048576"
    "memorysetup-temp-allocator-size-main=16777216"
    "memorysetup-job-temp-allocator-block-size=2097152"
    "memorysetup-job-temp-allocator-block-size-background=1048576"
    "memorysetup-job-temp-allocator-reduction-small-platforms=262144"
    "memorysetup-temp-allocator-size-background-worker=32768"
    "memorysetup-temp-allocator-size-job-worker=262144"
    "memorysetup-temp-allocator-size-preload-manager=33554432"
    "memorysetup-temp-allocator-size-nav-mesh-worker=65536"
    "memorysetup-temp-allocator-size-audio-worker=65536"
    "memorysetup-temp-allocator-size-cloud-worker=32768"
    "memorysetup-temp-allocator-size-gi-baking-worker=262144"
    "memorysetup-temp-allocator-size-gfx=262144"
Player connection [29000] Host "[IP] 192.168.140.1 [Port] 0 [Flags] 2 [Guid] 1530667431 [EditorId] 1530667431 [Version] 1048832 [Id] WindowsEditor(7,DESKTOP-A511SJS) [Debug] 1 [PackageName] WindowsEditor [ProjectName] Editor" joined multi-casting on [225.0.0.222:54997]...

Player connection [29000] Host "[IP] 192.168.140.1 [Port] 0 [Flags] 2 [Guid] 1530667431 [EditorId] 1530667431 [Version] 1048832 [Id] WindowsEditor(7,DESKTOP-A511SJS) [Debug] 1 [PackageName] WindowsEditor [ProjectName] Editor" joined alternative multi-casting on [225.0.0.222:34997]...

Refreshing native plugins compatible for Editor in 83.52 ms, found 3 plugins.
Preloading 0 native plugins for Editor in 0.00 ms.
Initialize engine version: 2021.3.24f1 (cf10dcf7010d)
[Subsystems] Discovering subsystems at path C:/Program Files/Unity 2021.3.24f1/Editor/Data/Resources/UnitySubsystems
[Subsystems] Discovering subsystems at path C:/UnityGit/VRchery/VRchery/Assets
GfxDevice: creating device client; threaded=0; jobified=0
Direct3D:
    Version:  Direct3D 11.0 [level 11.1]
    Renderer: NVIDIA GeForce RTX 2070 SUPER (ID=0x1e84)
    Vendor:   NVIDIA
    VRAM:     8003 MB
    Driver:   31.0.15.3179
Initialize mono
Mono path[0] = 'C:/Program Files/Unity 2021.3.24f1/Editor/Data/Managed'
Mono path[1] = 'C:/Program Files/Unity 2021.3.24f1/Editor/Data/MonoBleedingEdge/lib/mono/unityjit-win32'
Mono config path = 'C:/Program Files/Unity 2021.3.24f1/Editor/Data/MonoBleedingEdge/etc'
Using monoOptions --debugger-agent=transport=dt_socket,embedding=1,server=y,suspend=n,address=127.0.0.1:56148
Begin MonoManager ReloadAssembly
Registering precompiled unity dll's ...
Register platform support module: C:/Program Files/Unity 2021.3.24f1/Editor/Data/PlaybackEngines/WindowsStandaloneSupport/UnityEditor.WindowsStandalone.Extensions.dll
Registered in 0.007285 seconds.
Native extension for WindowsStandalone target not found
Refreshing native plugins compatible for Editor in 92.07 ms, found 3 plugins.
Preloading 0 native plugins for Editor in 0.00 ms.
Mono: successfully reloaded assembly
- Completed reload, in  0.686 seconds
Domain Reload Profiling:
	ReloadAssembly (686ms)
		BeginReloadAssembly (99ms)
			ExecutionOrderSort (0ms)
			DisableScriptedObjects (0ms)
			BackupInstance (0ms)
			ReleaseScriptingObjects (0ms)
			CreateAndSetChildDomain (1ms)
		EndReloadAssembly (472ms)
			LoadAssemblies (95ms)
			RebuildTransferFunctionScriptingTraits (0ms)
			SetupTypeCache (117ms)
			ReleaseScriptCaches (0ms)
			RebuildScriptCaches (26ms)
			SetupLoadedEditorAssemblies (271ms)
				LogAssemblyErrors (0ms)
				InitializePlatformSupportModulesInManaged (7ms)
				SetLoadedEditorAssemblies (0ms)
				RefreshPlugins (92ms)
				BeforeProcessingInitializeOnLoad (2ms)
				ProcessInitializeOnLoadAttributes (119ms)
				ProcessInitializeOnLoadMethodAttributes (50ms)
				AfterProcessingInitializeOnLoad (0ms)
				EditorAssembliesLoaded (0ms)
			ExecutionOrderSort2 (0ms)
			AwakeInstancesAfterBackupRestoration (0ms)
Platform modules already initialized, skipping
Registering precompiled user dll's ...
Registered in 0.011236 seconds.
Begin MonoManager ReloadAssembly
Symbol file LoadedFromMemory doesn't match image C:\UnityGit\VRchery\VRchery\Library\PackageCache\com.unity.visualscripting@1.8.0\Editor\VisualScripting.Core\Dependencies\YamlDotNet\Unity.VisualScripting.YamlDotNet.dll
Symbol file LoadedFromMemory doesn't match image C:\UnityGit\VRchery\VRchery\Library\PackageCache\com.unity.visualscripting@1.8.0\Editor\VisualScripting.Core\Dependencies\DotNetZip\Unity.VisualScripting.IonicZip.dll
Native extension for WindowsStandalone target not found
Refreshing native plugins compatible for Editor in 1.00 ms, found 3 plugins.
Preloading 0 native plugins for Editor in 0.00 ms.
Mono: successfully reloaded assembly
- Completed reload, in  1.311 seconds
Domain Reload Profiling:
	ReloadAssembly (1311ms)
		BeginReloadAssembly (149ms)
			ExecutionOrderSort (0ms)
			DisableScriptedObjects (6ms)
			BackupInstance (0ms)
			ReleaseScriptingObjects (0ms)
			CreateAndSetChildDomain (22ms)
		EndReloadAssembly (1041ms)
			LoadAssemblies (118ms)
			RebuildTransferFunctionScriptingTraits (0ms)
			SetupTypeCache (279ms)
			ReleaseScriptCaches (1ms)
			RebuildScriptCaches (76ms)
			SetupLoadedEditorAssemblies (540ms)
				LogAssemblyErrors (0ms)
				InitializePlatformSupportModulesInManaged (6ms)
				SetLoadedEditorAssemblies (1ms)
				RefreshPlugins (1ms)
				BeforeProcessingInitializeOnLoad (94ms)
				ProcessInitializeOnLoadAttributes (407ms)
				ProcessInitializeOnLoadMethodAttributes (20ms)
				AfterProcessingInitializeOnLoad (10ms)
				EditorAssembliesLoaded (0ms)
			ExecutionOrderSort2 (0ms)
			AwakeInstancesAfterBackupRestoration (11ms)
Platform modules already initialized, skipping
========================================================================
Worker process is ready to serve import requests
Launched and connected shader compiler UnityShaderCompiler.exe after 0.07 seconds
Refreshing native plugins compatible for Editor in 1.33 ms, found 3 plugins.
Preloading 0 native plugins for Editor in 0.00 ms.
Unloading 3070 Unused Serialized files (Serialized files now loaded: 0)
Unloading 26 unused Assets / (119.5 KB). Loaded Objects now: 3698.
Memory consumption went from 171.2 MB to 171.1 MB.
Total: 4.150800 ms (FindLiveObjects: 0.511600 ms CreateObjectMapping: 0.122100 ms MarkObjects: 3.347200 ms  DeleteObjects: 0.168800 ms)

AssetImportParameters requested are different than current active one (requested -> active):
  custom:video-decoder-ogg-theora: a1e56fd34408186e4bbccfd4996cb3dc -> 
  custom:container-muxer-webm: aa71ff27fc2769a1b78a27578f13a17b -> 
  custom:container-demuxer-webm: 4f35f7cbe854078d1ac9338744f61a02 -> 
  custom:video-encoder-webm-vp8: eb34c28f22e8b96e1ab97ce403110664 -> 
  custom:audio-encoder-webm-vorbis: bf7c407c2cedff20999df2af8eb42d56 -> 
  custom:framework-win-MediaFoundation: 216162199b28c13a410421893ffa2e32 -> 
  custom:container-demuxer-ogg: 62fdf1f143b41e24485cea50d1cbac27 -> 
  custom:video-decoder-webm-vp8: 9c59270c3fd7afecdb556c50c9e8de78 -> 
  custom:audio-decoder-ogg-vorbis: bf7c407c2cedff20999df2af8eb42d56 -> 
========================================================================
Received Import Request.
  Time since last request: 27647.280516 seconds.
  path: Assets/tripolygon/UModeler/Materials/Basic/UModelerLite_RulerGrid_Orange_HDRP.mat
  artifactKey: Guid(c39750059e4e64cd59e47a62ac6dcd0e) Importer(815301076,1909f56bfc062723c751e8b465ee728b)
Start importing Assets/tripolygon/UModeler/Materials/Basic/UModelerLite_RulerGrid_Orange_HDRP.mat using Guid(c39750059e4e64cd59e47a62ac6dcd0e) Importer(815301076,1909f56bfc062723c751e8b465ee728b)  -> (artifact id: '29fe3b2456ef9df78d0ab61714c197c3') in 0.165928 seconds 
========================================================================
Received Import Request.
  Time since last request: 0.000036 seconds.
  path: Assets/tripolygon/UModeler/Materials/Basic/UModelerLite_RulerGrid_Orange.mat
  artifactKey: Guid(9b0bdcd1222045a890738c4f28468389) Importer(815301076,1909f56bfc062723c751e8b465ee728b)
Start importing Assets/tripolygon/UModeler/Materials/Basic/UModelerLite_RulerGrid_Orange.mat using Guid(9b0bdcd1222045a890738c4f28468389) Importer(815301076,1909f56bfc062723c751e8b465ee728b)  -> (artifact id: '29f09afe785ede6a24e446bb4ba107fa') in 0.032770 seconds 
========================================================================
Received Import Request.
  Time since last request: 0.000042 seconds.
  path: Assets/tripolygon/UModeler/Materials/Basic/UModelerLite_OnlyVC.mat
  artifactKey: Guid(82beb627e5f547e98164b77c5cf3deaf) Importer(815301076,1909f56bfc062723c751e8b465ee728b)
Start importing Assets/tripolygon/UModeler/Materials/Basic/UModelerLite_OnlyVC.mat using Guid(82beb627e5f547e98164b77c5cf3deaf) Importer(815301076,1909f56bfc062723c751e8b465ee728b)  -> (artifact id: '437a4879aa348ac3d84e50a7f933fc93') in 0.021048 seconds 
========================================================================
Received Import Request.
  Time since last request: 0.000040 seconds.
  path: Assets/tripolygon/UModeler/Materials/Basic/UModelerLite_OnlyVC_URP.mat
  artifactKey: Guid(32cfaf315c61d4cc4aec579e83e5b077) Importer(815301076,1909f56bfc062723c751e8b465ee728b)
Start importing Assets/tripolygon/UModeler/Materials/Basic/UModelerLite_OnlyVC_URP.mat using Guid(32cfaf315c61d4cc4aec579e83e5b077) Importer(815301076,1909f56bfc062723c751e8b465ee728b)  -> (artifact id: 'c85f58a6ce845c6a1555a6f082c63333') in 0.018351 seconds 
========================================================================
Received Import Request.
  Time since last request: 1.404423 seconds.
  path: Assets/BrokenVector/LowPolyDungeon/Materials/Water_Muddy.mat
  artifactKey: Guid(a5e122a60536c4e4aa815feffacdfac9) Importer(815301076,1909f56bfc062723c751e8b465ee728b)
Start importing Assets/BrokenVector/LowPolyDungeon/Materials/Water_Muddy.mat using Guid(a5e122a60536c4e4aa815feffacdfac9) Importer(815301076,1909f56bfc062723c751e8b465ee728b)  -> (artifact id: '7193025f269a6e8a9d1fbdc0227bcfa6') in 0.141376 seconds 
========================================================================
Received Import Request.
  Time since last request: 5.707345 seconds.
  path: Assets/LowPoly Environment Pack/FBX/Materials/Yellow.3.mat
  artifactKey: Guid(62c01cd363116e4418505d6d72764b0d) Importer(815301076,1909f56bfc062723c751e8b465ee728b)
Start importing Assets/LowPoly Environment Pack/FBX/Materials/Yellow.3.mat using Guid(62c01cd363116e4418505d6d72764b0d) Importer(815301076,1909f56bfc062723c751e8b465ee728b)  -> (artifact id: '577be90cbaa69eb45e48c69f1e2ca40f') in 0.014280 seconds 
========================================================================
Received Import Request.
  Time since last request: 20.872545 seconds.
  path: Assets/BrokenVector/LowPolyDungeon/Materials/Stone_Floor.mat
  artifactKey: Guid(88056ad3707bb6346ad6e69bf350d54d) Importer(815301076,1909f56bfc062723c751e8b465ee728b)
Start importing Assets/BrokenVector/LowPolyDungeon/Materials/Stone_Floor.mat using Guid(88056ad3707bb6346ad6e69bf350d54d) Importer(815301076,1909f56bfc062723c751e8b465ee728b)  -> (artifact id: '6973348721b0366d5ccbf7796761bfba') in 0.015602 seconds 
========================================================================
Received Import Request.
  Time since last request: 0.240292 seconds.
  path: Assets/SimpleNaturePack/Materials/SimpleNaturePack_Texture_01.mat
  artifactKey: Guid(93caadf4359ae8143aad35b3145d31af) Importer(815301076,1909f56bfc062723c751e8b465ee728b)
Start importing Assets/SimpleNaturePack/Materials/SimpleNaturePack_Texture_01.mat using Guid(93caadf4359ae8143aad35b3145d31af) Importer(815301076,1909f56bfc062723c751e8b465ee728b)  -> (artifact id: 'd105c12810b0c9c8bcf31400ddcf82d3') in 0.017496 seconds 
========================================================================
Received Import Request.
  Time since last request: 1.522945 seconds.
  path: Assets/LowPoly Environment Pack/FBX/Materials/Purple.2.mat
  artifactKey: Guid(e773be4e8e6c49f41bb67bfe941451c0) Importer(815301076,1909f56bfc062723c751e8b465ee728b)
Start importing Assets/LowPoly Environment Pack/FBX/Materials/Purple.2.mat using Guid(e773be4e8e6c49f41bb67bfe941451c0) Importer(815301076,1909f56bfc062723c751e8b465ee728b)  -> (artifact id: 'b23073c84e3fe2791053343245cd8684') in 0.014962 seconds 
========================================================================
Received Import Request.
  Time since last request: 0.022319 seconds.
  path: Assets/Polytope Studio/Lowpoly_Environments/Sources/Materials/PT_Water_mat.mat
  artifactKey: Guid(3e36df56c6fa5f64085c14d9d4f6f8d9) Importer(815301076,1909f56bfc062723c751e8b465ee728b)
Start importing Assets/Polytope Studio/Lowpoly_Environments/Sources/Materials/PT_Water_mat.mat using Guid(3e36df56c6fa5f64085c14d9d4f6f8d9) Importer(815301076,1909f56bfc062723c751e8b465ee728b)  -> (artifact id: '3916be0afea8b2949fa064e283ec2aa1') in 0.490449 seconds 
========================================================================
Received Import Request.
  Time since last request: 0.080490 seconds.
  path: Assets/Polytope Studio/Lowpoly_Environments/Sources/Materials/PT_Skybox_mat.mat
  artifactKey: Guid(59573b088aaea0442bf29e0a0e9d1339) Importer(815301076,1909f56bfc062723c751e8b465ee728b)
Start importing Assets/Polytope Studio/Lowpoly_Environments/Sources/Materials/PT_Skybox_mat.mat using Guid(59573b088aaea0442bf29e0a0e9d1339) Importer(815301076,1909f56bfc062723c751e8b465ee728b)  -> (artifact id: 'f6eaf951f4e0698c68e3feddf1c896fa') in 0.090790 seconds 
========================================================================
Received Import Request.
  Time since last request: 1.833404 seconds.
  path: Assets/Polytope Studio/Lowpoly_Environments/Sources/Materials/PT_Poppy_mat.mat
  artifactKey: Guid(67c85a5a0248e2a4a98e653c8e7eeb9e) Importer(815301076,1909f56bfc062723c751e8b465ee728b)
Start importing Assets/Polytope Studio/Lowpoly_Environments/Sources/Materials/PT_Poppy_mat.mat using Guid(67c85a5a0248e2a4a98e653c8e7eeb9e) Importer(815301076,1909f56bfc062723c751e8b465ee728b)  -> (artifact id: '050d1fc87fce02673112ba4871d7876e') in 0.429287 seconds 
========================================================================
Received Import Request.
  Time since last request: 0.297753 seconds.
  path: Assets/Polytope Studio/Lowpoly_Environments/Sources/Materials/PT_Pine_Tree_Leaves_Mat.mat
  artifactKey: Guid(823cb446423dd7747b7454d5cf133e75) Importer(815301076,1909f56bfc062723c751e8b465ee728b)
Start importing Assets/Polytope Studio/Lowpoly_Environments/Sources/Materials/PT_Pine_Tree_Leaves_Mat.mat using Guid(823cb446423dd7747b7454d5cf133e75) Importer(815301076,1909f56bfc062723c751e8b465ee728b)  -> (artifact id: '95cb3e19b640ef8350c679b25ed8a7de') in 0.423937 seconds 
========================================================================
Received Import Request.
  Time since last request: 2.384191 seconds.
  path: Assets/Polytope Studio/Lowpoly_Village/Sources/Materials/PT_mat.mat
  artifactKey: Guid(56532089e45dbc1479865e115cc8c637) Importer(815301076,1909f56bfc062723c751e8b465ee728b)
Start importing Assets/Polytope Studio/Lowpoly_Village/Sources/Materials/PT_mat.mat using Guid(56532089e45dbc1479865e115cc8c637) Importer(815301076,1909f56bfc062723c751e8b465ee728b)  -> (artifact id: 'c0ca8a5b2d001480a6156db2e47d84f8') in 0.017869 seconds 
========================================================================
Received Import Request.
  Time since last request: 0.382129 seconds.
  path: Assets/Polytope Studio/Lowpoly_Environments/Sources/Materials/PT_Generic_Tree_Trunk_mat.mat
  artifactKey: Guid(e6ce4253a748b0849a04b87f33cc539d) Importer(815301076,1909f56bfc062723c751e8b465ee728b)
Start importing Assets/Polytope Studio/Lowpoly_Environments/Sources/Materials/PT_Generic_Tree_Trunk_mat.mat using Guid(e6ce4253a748b0849a04b87f33cc539d) Importer(815301076,1909f56bfc062723c751e8b465ee728b)  -> (artifact id: 'b563c3770293c5de74d063f0c380bcf7') in 0.379359 seconds 
========================================================================
Received Import Request.
  Time since last request: 0.044869 seconds.
  path: Assets/Polytope Studio/Lowpoly_Demos/Environment_Free/Helpers/PT_Generic_Tree_Leaves_mat 1.mat
  artifactKey: Guid(e58dbc3582eb6ff41b1bbd8a11960175) Importer(815301076,1909f56bfc062723c751e8b465ee728b)
Start importing Assets/Polytope Studio/Lowpoly_Demos/Environment_Free/Helpers/PT_Generic_Tree_Leaves_mat 1.mat using Guid(e58dbc3582eb6ff41b1bbd8a11960175) Importer(815301076,1909f56bfc062723c751e8b465ee728b)  -> (artifact id: '08a71f0785040207c7585757568ad859') in 0.023838 seconds 
========================================================================
Received Import Request.
  Time since last request: 0.018567 seconds.
  path: Assets/Polytope Studio/Lowpoly_Environments/Sources/Materials/PT_Generic_Leaf_mat.mat
  artifactKey: Guid(aac20e0005fef5248bc0774a19a05e87) Importer(815301076,1909f56bfc062723c751e8b465ee728b)
Start importing Assets/Polytope Studio/Lowpoly_Environments/Sources/Materials/PT_Generic_Leaf_mat.mat using Guid(aac20e0005fef5248bc0774a19a05e87) Importer(815301076,1909f56bfc062723c751e8b465ee728b)  -> (artifact id: '3598314dc7f3c4174d9289f19a74bbc7') in 0.279444 seconds 
========================================================================
Received Import Request.
  Time since last request: 1.282491 seconds.
  path: Assets/Polytope Studio/Lowpoly_Environments/Sources/Materials/PT_Fruit_Tree_Foliage_Mat.mat
  artifactKey: Guid(0a1f44318dd467a45bfef81ad0e8855a) Importer(815301076,1909f56bfc062723c751e8b465ee728b)
Start importing Assets/Polytope Studio/Lowpoly_Environments/Sources/Materials/PT_Fruit_Tree_Foliage_Mat.mat using Guid(0a1f44318dd467a45bfef81ad0e8855a) Importer(815301076,1909f56bfc062723c751e8b465ee728b)  -> (artifact id: '436bb2d20ee31b880707687026c93f0f') in 0.014570 seconds 
========================================================================
Received Import Request.
  Time since last request: 0.225338 seconds.
  path: Assets/BrokenVector/LowPolyDungeon/Materials/Plants.mat
  artifactKey: Guid(5fabd768dbdf5c941a206f5afecaa38e) Importer(815301076,1909f56bfc062723c751e8b465ee728b)
Start importing Assets/BrokenVector/LowPolyDungeon/Materials/Plants.mat using Guid(5fabd768dbdf5c941a206f5afecaa38e) Importer(815301076,1909f56bfc062723c751e8b465ee728b)  -> (artifact id: 'd2da138b2565391677cce7dcea87177c') in 0.012415 seconds 
========================================================================
Received Import Request.
  Time since last request: 0.000016 seconds.
  path: Assets/Unvik_3D/Cross_Plains/FBX/Materials/Plane_CrossPlains.mat
  artifactKey: Guid(18bf04c656d61df4585143ef01436a65) Importer(815301076,1909f56bfc062723c751e8b465ee728b)
Start importing Assets/Unvik_3D/Cross_Plains/FBX/Materials/Plane_CrossPlains.mat using Guid(18bf04c656d61df4585143ef01436a65) Importer(815301076,1909f56bfc062723c751e8b465ee728b)  -> (artifact id: 'f1a496420fa420b520c53419112366f5') in 0.012831 seconds 
========================================================================
Received Import Request.
  Time since last request: 0.055656 seconds.
  path: Assets/BrokenVector/LowPolyDungeon/Materials/Paper.mat
  artifactKey: Guid(145c0287570245a4b894de54ec840353) Importer(815301076,1909f56bfc062723c751e8b465ee728b)
Start importing Assets/BrokenVector/LowPolyDungeon/Materials/Paper.mat using Guid(145c0287570245a4b894de54ec840353) Importer(815301076,1909f56bfc062723c751e8b465ee728b)  -> (artifact id: '611faa37f19f6093fd5c3b52ea82c20d') in 0.014025 seconds 
========================================================================
Received Import Request.
  Time since last request: 0.182791 seconds.
  path: Assets/LowPoly Environment Pack/FBX/Materials/Orange.2.mat
  artifactKey: Guid(a57c77f070e349e428256669c403a9c5) Importer(815301076,1909f56bfc062723c751e8b465ee728b)
Start importing Assets/LowPoly Environment Pack/FBX/Materials/Orange.2.mat using Guid(a57c77f070e349e428256669c403a9c5) Importer(815301076,1909f56bfc062723c751e8b465ee728b)  -> (artifact id: 'dc84221ff755e6c86f328bac7b37558e') in 0.013052 seconds 
========================================================================
Received Import Request.
  Time since last request: 0.073584 seconds.
  path: Assets/BrokenVector/LowPolyDungeon/Materials/Metal_Rusty.mat
  artifactKey: Guid(57c5c45402f367749a31d5f99048f829) Importer(815301076,1909f56bfc062723c751e8b465ee728b)
Start importing Assets/BrokenVector/LowPolyDungeon/Materials/Metal_Rusty.mat using Guid(57c5c45402f367749a31d5f99048f829) Importer(815301076,1909f56bfc062723c751e8b465ee728b)  -> (artifact id: '06a4bcb94eb66d4fcb02370f0560c718') in 0.013184 seconds 
========================================================================
Received Import Request.
  Time since last request: 0.993978 seconds.
  path: Assets/Lowpoly Toon Cat Lite/Model/Materials/Mat_Cat_Lite.mat
  artifactKey: Guid(f727f3e72f5e5124880ae1d0f34ca727) Importer(815301076,1909f56bfc062723c751e8b465ee728b)
Start importing Assets/Lowpoly Toon Cat Lite/Model/Materials/Mat_Cat_Lite.mat using Guid(f727f3e72f5e5124880ae1d0f34ca727) Importer(815301076,1909f56bfc062723c751e8b465ee728b)  -> (artifact id: 'b67dc0a26e9b18fbff8748792aeba44c') in 0.014418 seconds 
========================================================================
Received Import Request.
  Time since last request: 0.019646 seconds.
  path: Assets/3D Pirates Lowpoly Pack/Models/99_Sea.fbx
  artifactKey: Guid(0f33e4bf7ecde364ea8d35ee0f960f83) Importer(815301076,1909f56bfc062723c751e8b465ee728b)
Start importing Assets/3D Pirates Lowpoly Pack/Models/99_Sea.fbx using Guid(0f33e4bf7ecde364ea8d35ee0f960f83) Importer(815301076,1909f56bfc062723c751e8b465ee728b)  -> (artifact id: '3e79d4e915840c0b1c8f404484aa995f') in 0.046463 seconds 
========================================================================
Received Import Request.
  Time since last request: 0.239503 seconds.
  path: Assets/LowPoly Environment Pack/FBX/Materials/Green.10.mat
  artifactKey: Guid(aa67d82998ecf8841a3adf9bfa27b1c2) Importer(815301076,1909f56bfc062723c751e8b465ee728b)
Start importing Assets/LowPoly Environment Pack/FBX/Materials/Green.10.mat using Guid(aa67d82998ecf8841a3adf9bfa27b1c2) Importer(815301076,1909f56bfc062723c751e8b465ee728b)  -> (artifact id: '3b659ddebbaa1106a457ff17a7851949') in 0.013378 seconds 
========================================================================
Received Import Request.
  Time since last request: 0.036662 seconds.
  path: Assets/LowPoly Environment Pack/FBX/Materials/Green.8.mat
  artifactKey: Guid(7a0a96a93ebc4d94a9f9d22e70389f9e) Importer(815301076,1909f56bfc062723c751e8b465ee728b)
Start importing Assets/LowPoly Environment Pack/FBX/Materials/Green.8.mat using Guid(7a0a96a93ebc4d94a9f9d22e70389f9e) Importer(815301076,1909f56bfc062723c751e8b465ee728b)  -> (artifact id: '02d011739be6bab81a23de16653e8757') in 0.012305 seconds 
========================================================================
Received Import Request.
  Time since last request: 0.661999 seconds.
  path: Assets/LowPoly Environment Pack/FBX/Materials/Green.6.mat
  artifactKey: Guid(487de112f12801e47ab0f2a09cce7854) Importer(815301076,1909f56bfc062723c751e8b465ee728b)
Start importing Assets/LowPoly Environment Pack/FBX/Materials/Green.6.mat using Guid(487de112f12801e47ab0f2a09cce7854) Importer(815301076,1909f56bfc062723c751e8b465ee728b)  -> (artifact id: 'd339419faf0ff9d98d2ae55d23dab999') in 0.013620 seconds 
========================================================================
Received Import Request.
  Time since last request: 0.020301 seconds.
  path: Assets/LowPoly Environment Pack/FBX/Materials/Green.4.mat
  artifactKey: Guid(431d3f3310498c2488a88bac6acf6f84) Importer(815301076,1909f56bfc062723c751e8b465ee728b)
Start importing Assets/LowPoly Environment Pack/FBX/Materials/Green.4.mat using Guid(431d3f3310498c2488a88bac6acf6f84) Importer(815301076,1909f56bfc062723c751e8b465ee728b)  -> (artifact id: '723509cdd1863358b79c17884ab03d61') in 0.015253 seconds 
========================================================================
Received Import Request.
  Time since last request: 0.000022 seconds.
  path: Assets/LowPoly Environment Pack/FBX/Materials/Green.3.mat
  artifactKey: Guid(94f42fcaf1b6c224c99738b35fda2bcb) Importer(815301076,1909f56bfc062723c751e8b465ee728b)
Start importing Assets/LowPoly Environment Pack/FBX/Materials/Green.3.mat using Guid(94f42fcaf1b6c224c99738b35fda2bcb) Importer(815301076,1909f56bfc062723c751e8b465ee728b)  -> (artifact id: '3eb0ba55b6dc6ab1ff7442e61440104d') in 0.012956 seconds 
========================================================================
Received Import Request.
  Time since last request: 0.197018 seconds.
  path: Assets/LowPoly Environment Pack/FBX/Materials/Gray.4.mat
  artifactKey: Guid(55ac68c33cb2d144a9976df607b5e754) Importer(815301076,1909f56bfc062723c751e8b465ee728b)
Start importing Assets/LowPoly Environment Pack/FBX/Materials/Gray.4.mat using Guid(55ac68c33cb2d144a9976df607b5e754) Importer(815301076,1909f56bfc062723c751e8b465ee728b)  -> (artifact id: '8c4cec3d7a64189f5128a9b7dad5b8b7') in 0.014245 seconds 
========================================================================
Received Import Request.
  Time since last request: 0.049817 seconds.
  path: Assets/BrokenVector/LowPolyDungeon/Materials/Glass.mat
  artifactKey: Guid(98d71c75f13684d4ab284a351b77b3d3) Importer(815301076,1909f56bfc062723c751e8b465ee728b)
Start importing Assets/BrokenVector/LowPolyDungeon/Materials/Glass.mat using Guid(98d71c75f13684d4ab284a351b77b3d3) Importer(815301076,1909f56bfc062723c751e8b465ee728b)  -> (artifact id: '8729b463a5ca03a4e00ad3e4976f72e1') in 0.210569 seconds 
========================================================================
Received Import Request.
  Time since last request: 0.051040 seconds.
  path: Assets/Unvik_3D/Cross_Plains/FBX/Materials/Cross_Plains.mat
  artifactKey: Guid(f136c764383697f469cb30fcba56597d) Importer(815301076,1909f56bfc062723c751e8b465ee728b)
Start importing Assets/Unvik_3D/Cross_Plains/FBX/Materials/Cross_Plains.mat using Guid(f136c764383697f469cb30fcba56597d) Importer(815301076,1909f56bfc062723c751e8b465ee728b)  -> (artifact id: '67e92ebd6a6754636fd0563589e8470e') in 0.017626 seconds 
========================================================================
Received Import Request.
  Time since last request: 0.000015 seconds.
  path: Assets/BrokenVector/LowPolyDungeon/Materials/FakeSky.mat
  artifactKey: Guid(2fe819538415a2547bf4aa9f7e002555) Importer(815301076,1909f56bfc062723c751e8b465ee728b)
Start importing Assets/BrokenVector/LowPolyDungeon/Materials/FakeSky.mat using Guid(2fe819538415a2547bf4aa9f7e002555) Importer(815301076,1909f56bfc062723c751e8b465ee728b)  -> (artifact id: '33780739e362187aed3ad6cb8c91e088') in 0.107277 seconds 
========================================================================
Received Import Request.
  Time since last request: 0.055424 seconds.
  path: Assets/LowPoly Environment Pack/FBX/Materials/Brown.15.mat
  artifactKey: Guid(27eb693623b74ae409ad01480c04d7d2) Importer(815301076,1909f56bfc062723c751e8b465ee728b)
Start importing Assets/LowPoly Environment Pack/FBX/Materials/Brown.15.mat using Guid(27eb693623b74ae409ad01480c04d7d2) Importer(815301076,1909f56bfc062723c751e8b465ee728b)  -> (artifact id: 'a93ff2d424cf34d38e90eb5c955eef80') in 0.013159 seconds 
========================================================================
Received Import Request.
  Time since last request: 0.036986 seconds.
  path: Assets/LowPoly Environment Pack/FBX/Materials/Brown.9.mat
  artifactKey: Guid(94387ac3fe852d549966d245def277be) Importer(815301076,1909f56bfc062723c751e8b465ee728b)
Start importing Assets/LowPoly Environment Pack/FBX/Materials/Brown.9.mat using Guid(94387ac3fe852d549966d245def277be) Importer(815301076,1909f56bfc062723c751e8b465ee728b)  -> (artifact id: 'ca1b0166b5be97d03f70fed391acd985') in 0.013581 seconds 
========================================================================
Received Import Request.
  Time since last request: 0.000021 seconds.
  path: Assets/LowPoly Environment Pack/FBX/Materials/Brown.14.mat
  artifactKey: Guid(7e5b0a9678b8426468b771b1050eeae4) Importer(815301076,1909f56bfc062723c751e8b465ee728b)
Start importing Assets/LowPoly Environment Pack/FBX/Materials/Brown.14.mat using Guid(7e5b0a9678b8426468b771b1050eeae4) Importer(815301076,1909f56bfc062723c751e8b465ee728b)  -> (artifact id: 'd21193175d429aaaad9947f45bf06a2f') in 0.012245 seconds 
========================================================================
Received Import Request.
  Time since last request: 0.019014 seconds.
  path: Assets/LowPoly Environment Pack/FBX/Materials/Brown.7.mat
  artifactKey: Guid(4fe563c5f58ef3f428825ed56c445b80) Importer(815301076,1909f56bfc062723c751e8b465ee728b)
Start importing Assets/LowPoly Environment Pack/FBX/Materials/Brown.7.mat using Guid(4fe563c5f58ef3f428825ed56c445b80) Importer(815301076,1909f56bfc062723c751e8b465ee728b)  -> (artifact id: 'b89fc4399886e36bbd66d0c529b82982') in 0.013469 seconds 
========================================================================
Received Import Request.
  Time since last request: 6.335207 seconds.
  path: Assets/BrokenVector/LowPolyDungeon/Materials/LPD_Texture.png
  artifactKey: Guid(fbdc28b4a3304bb4185e640c32ffc5c5) Importer(815301076,1909f56bfc062723c751e8b465ee728b)
Start importing Assets/BrokenVector/LowPolyDungeon/Materials/LPD_Texture.png using Guid(fbdc28b4a3304bb4185e640c32ffc5c5) Importer(815301076,1909f56bfc062723c751e8b465ee728b)  -> (artifact id: '685c697e3e838f5a80cf5a89f3c5c961') in 0.023788 seconds 
========================================================================
Received Import Request.
  Time since last request: 4.787089 seconds.
  path: Assets/LowPoly Environment Pack/FBX/Materials/Brown.5.mat
  artifactKey: Guid(123ed9969563dc5468cd867af56caab9) Importer(815301076,1909f56bfc062723c751e8b465ee728b)
Start importing Assets/LowPoly Environment Pack/FBX/Materials/Brown.5.mat using Guid(123ed9969563dc5468cd867af56caab9) Importer(815301076,1909f56bfc062723c751e8b465ee728b)  -> (artifact id: '4e65a7c2fed12c6c1e8dbe211d612ff6') in 0.012081 seconds 
========================================================================
Received Import Request.
  Time since last request: 0.351993 seconds.
  path: Assets/LowPoly Environment Pack/FBX/Materials/Brown.3.mat
  artifactKey: Guid(2852b271d0d088643a66c25efe4b5aa0) Importer(815301076,1909f56bfc062723c751e8b465ee728b)
Start importing Assets/LowPoly Environment Pack/FBX/Materials/Brown.3.mat using Guid(2852b271d0d088643a66c25efe4b5aa0) Importer(815301076,1909f56bfc062723c751e8b465ee728b)  -> (artifact id: '1f9d8be5c1e477960ec7bfe8bcdac8e6') in 0.013262 seconds 
========================================================================
Received Import Request.
  Time since last request: 0.031930 seconds.
  path: Assets/Lowpoly Flowers/Materials/blinn22.mat
  artifactKey: Guid(4244f8c36ab691c4f84860a4a7d186a1) Importer(815301076,1909f56bfc062723c751e8b465ee728b)
Start importing Assets/Lowpoly Flowers/Materials/blinn22.mat using Guid(4244f8c36ab691c4f84860a4a7d186a1) Importer(815301076,1909f56bfc062723c751e8b465ee728b)  -> (artifact id: 'f32a131196162baa8591afb492839213') in 0.013785 seconds 
========================================================================
Received Import Request.
  Time since last request: 0.353997 seconds.
  path: Assets/Lowpoly Flowers/Materials/blinn20.mat
  artifactKey: Guid(273869d15675afa4295cf832e967c3a2) Importer(815301076,1909f56bfc062723c751e8b465ee728b)
Start importing Assets/Lowpoly Flowers/Materials/blinn20.mat using Guid(273869d15675afa4295cf832e967c3a2) Importer(815301076,1909f56bfc062723c751e8b465ee728b)  -> (artifact id: '6c3447c08228b58c31ba97f33eb947be') in 0.013300 seconds 
========================================================================
Received Import Request.
  Time since last request: 0.051498 seconds.
  path: Assets/Lowpoly Flowers/Materials/blinn18.mat
  artifactKey: Guid(c352ea13210a31f48922e535c253d8de) Importer(815301076,1909f56bfc062723c751e8b465ee728b)
Start importing Assets/Lowpoly Flowers/Materials/blinn18.mat using Guid(c352ea13210a31f48922e535c253d8de) Importer(815301076,1909f56bfc062723c751e8b465ee728b)  -> (artifact id: 'b0ebfad0abe5bf31c5f110b7acc3a7ff') in 0.017811 seconds 
========================================================================
Received Import Request.
  Time since last request: 2.141139 seconds.
  path: Assets/Lowpoly Flowers/Materials/blinn15.mat
  artifactKey: Guid(85fb7ee31c847b74fa91ed2e43ab856f) Importer(815301076,1909f56bfc062723c751e8b465ee728b)
Start importing Assets/Lowpoly Flowers/Materials/blinn15.mat using Guid(85fb7ee31c847b74fa91ed2e43ab856f) Importer(815301076,1909f56bfc062723c751e8b465ee728b)  -> (artifact id: '81359b4236d88a1aaeb5d7904293f3bd') in 0.012797 seconds 
========================================================================
Received Import Request.
  Time since last request: 0.116250 seconds.
  path: Assets/Lowpoly Flowers/Materials/blinn13.mat
  artifactKey: Guid(84f3a21d510a57b4fab04043a2e5f977) Importer(815301076,1909f56bfc062723c751e8b465ee728b)
Start importing Assets/Lowpoly Flowers/Materials/blinn13.mat using Guid(84f3a21d510a57b4fab04043a2e5f977) Importer(815301076,1909f56bfc062723c751e8b465ee728b)  -> (artifact id: '76f656b496c99b39be26323a354cb2f3') in 0.012844 seconds 
========================================================================
Received Import Request.
  Time since last request: 0.680899 seconds.
  path: Assets/Lowpoly Flowers/Materials/blinn2.mat
  artifactKey: Guid(a2fb46031534f1f49afa38ba8ea81ee2) Importer(815301076,1909f56bfc062723c751e8b465ee728b)
Start importing Assets/Lowpoly Flowers/Materials/blinn2.mat using Guid(a2fb46031534f1f49afa38ba8ea81ee2) Importer(815301076,1909f56bfc062723c751e8b465ee728b)  -> (artifact id: 'bd3fc7944ac28ca2c0af0094d2b43f35') in 0.011915 seconds 
========================================================================
Received Import Request.
  Time since last request: 0.712050 seconds.
  path: Assets/Lowpoly Flowers/Materials/blinn1.mat
  artifactKey: Guid(c47f8ff5696bae54a90e10f2949e9cd5) Importer(815301076,1909f56bfc062723c751e8b465ee728b)
Start importing Assets/Lowpoly Flowers/Materials/blinn1.mat using Guid(c47f8ff5696bae54a90e10f2949e9cd5) Importer(815301076,1909f56bfc062723c751e8b465ee728b)  -> (artifact id: '859fcdc0756bc4514ac5106e8e077cf8') in 0.011610 seconds 
========================================================================
Received Import Request.
  Time since last request: 1465.479875 seconds.
  path: Assets/Lowpoly Flowers/Materials/blinn2.mat
  artifactKey: Guid(a2fb46031534f1f49afa38ba8ea81ee2) Importer(815301076,1909f56bfc062723c751e8b465ee728b)
Start importing Assets/Lowpoly Flowers/Materials/blinn2.mat using Guid(a2fb46031534f1f49afa38ba8ea81ee2) Importer(815301076,1909f56bfc062723c751e8b465ee728b)  -> (artifact id: '76991b5a847388bb7dc9725525cbb354') in 0.038010 seconds 
========================================================================
Received Import Request.
  Time since last request: 0.000024 seconds.
  path: Assets/Lowpoly Flowers/Materials/blinn18.mat
  artifactKey: Guid(c352ea13210a31f48922e535c253d8de) Importer(815301076,1909f56bfc062723c751e8b465ee728b)
Start importing Assets/Lowpoly Flowers/Materials/blinn18.mat using Guid(c352ea13210a31f48922e535c253d8de) Importer(815301076,1909f56bfc062723c751e8b465ee728b)  -> (artifact id: 'a794f0dbc20c0a7375f668e538f0cd45') in 0.014535 seconds 
========================================================================
Received Import Request.
  Time since last request: 0.000028 seconds.
  path: Assets/Lowpoly Flowers/Materials/blinn20.mat
  artifactKey: Guid(273869d15675afa4295cf832e967c3a2) Importer(815301076,1909f56bfc062723c751e8b465ee728b)
Start importing Assets/Lowpoly Flowers/Materials/blinn20.mat using Guid(273869d15675afa4295cf832e967c3a2) Importer(815301076,1909f56bfc062723c751e8b465ee728b)  -> (artifact id: 'c6b00e832386eacc2a8a7e4532debf53') in 0.014775 seconds 
========================================================================
Received Import Request.
  Time since last request: 1.232152 seconds.
  path: Assets/Lowpoly Flowers/Materials/blinn22.mat
  artifactKey: Guid(4244f8c36ab691c4f84860a4a7d186a1) Importer(815301076,1909f56bfc062723c751e8b465ee728b)
Start importing Assets/Lowpoly Flowers/Materials/blinn22.mat using Guid(4244f8c36ab691c4f84860a4a7d186a1) Importer(815301076,1909f56bfc062723c751e8b465ee728b)  -> (artifact id: '53e1cd52919a7631b150f0858bad8080') in 0.012651 seconds 
========================================================================
Received Import Request.
  Time since last request: 13740.351418 seconds.
  path: Assets/BrokenVector
  artifactKey: Guid(9e3e1d7c5aa50ba41a26e96c5a4636a5) Importer(815301076,1909f56bfc062723c751e8b465ee728b)
Start importing Assets/BrokenVector using Guid(9e3e1d7c5aa50ba41a26e96c5a4636a5) Importer(815301076,1909f56bfc062723c751e8b465ee728b)  -> (artifact id: '4dac8770e4f19905f3f7bb1e86259560') in 0.008800 seconds 
========================================================================
Received Import Request.
  Time since last request: 4.241045 seconds.
  path: Assets/LowPoly Environment Pack/Prefabs
  artifactKey: Guid(0dc6268c13712ab439ede78390bed311) Importer(815301076,1909f56bfc062723c751e8b465ee728b)
Start importing Assets/LowPoly Environment Pack/Prefabs using Guid(0dc6268c13712ab439ede78390bed311) Importer(815301076,1909f56bfc062723c751e8b465ee728b)  -> (artifact id: '8d407ce7c5cc86416bbda9633d601295') in 0.007599 seconds 
========================================================================
Received Import Request.
  Time since last request: 0.055878 seconds.
  path: Assets/LowPoly Environment Pack/Prefabs/Bush_1.prefab
  artifactKey: Guid(d82a0024cf3346b4695544dd461fb02b) Importer(815301076,1909f56bfc062723c751e8b465ee728b)
Start importing Assets/LowPoly Environment Pack/Prefabs/Bush_1.prefab using Guid(d82a0024cf3346b4695544dd461fb02b) Importer(815301076,1909f56bfc062723c751e8b465ee728b)  -> (artifact id: 'b8cea11ebc4ab2f11e0a58b5d7a9ea31') in 0.084600 seconds 
========================================================================
Received Import Request.
  Time since last request: 0.000308 seconds.
  path: Assets/LowPoly Environment Pack/Prefabs/Environment_1.prefab
  artifactKey: Guid(93acc49b5a9f4e84b89aa62e0282a2a3) Importer(815301076,1909f56bfc062723c751e8b465ee728b)
Start importing Assets/LowPoly Environment Pack/Prefabs/Environment_1.prefab using Guid(93acc49b5a9f4e84b89aa62e0282a2a3) Importer(815301076,1909f56bfc062723c751e8b465ee728b)  -> (artifact id: '6d390a5f0dc30650a66fa88b47e92127') in 0.032982 seconds 
========================================================================
Received Import Request.
  Time since last request: 0.000025 seconds.
  path: Assets/LowPoly Environment Pack/Prefabs/Grass_2.prefab
  artifactKey: Guid(c04be9f92ebf58b46b2204ac3aaa8785) Importer(815301076,1909f56bfc062723c751e8b465ee728b)
Start importing Assets/LowPoly Environment Pack/Prefabs/Grass_2.prefab using Guid(c04be9f92ebf58b46b2204ac3aaa8785) Importer(815301076,1909f56bfc062723c751e8b465ee728b)  -> (artifact id: '9c65cfebedca5cf6d6b1aa818b786b56') in 0.024121 seconds 
========================================================================
Received Import Request.
  Time since last request: 0.000022 seconds.
  path: Assets/LowPoly Environment Pack/Prefabs/Log_1.prefab
  artifactKey: Guid(0761e9c9debdfd34fa20f5859c6f08ff) Importer(815301076,1909f56bfc062723c751e8b465ee728b)
Start importing Assets/LowPoly Environment Pack/Prefabs/Log_1.prefab using Guid(0761e9c9debdfd34fa20f5859c6f08ff) Importer(815301076,1909f56bfc062723c751e8b465ee728b)  -> (artifact id: 'fea5ad9379fa3ceceea12b31b3deabbe') in 0.036038 seconds 
========================================================================
Received Import Request.
  Time since last request: 0.000016 seconds.
  path: Assets/LowPoly Environment Pack/Prefabs/Plant_1.prefab
  artifactKey: Guid(48ad265f338caaf4da3a864816595b22) Importer(815301076,1909f56bfc062723c751e8b465ee728b)
Start importing Assets/LowPoly Environment Pack/Prefabs/Plant_1.prefab using Guid(48ad265f338caaf4da3a864816595b22) Importer(815301076,1909f56bfc062723c751e8b465ee728b)  -> (artifact id: '2848811757c4030db937bc6ae28a49d5') in 0.025320 seconds 
========================================================================
Received Import Request.
  Time since last request: 0.000023 seconds.
  path: Assets/LowPoly Environment Pack/Prefabs/Rock_1.prefab
  artifactKey: Guid(74442f407a24ac84f95f08a83b1bb617) Importer(815301076,1909f56bfc062723c751e8b465ee728b)
Start importing Assets/LowPoly Environment Pack/Prefabs/Rock_1.prefab using Guid(74442f407a24ac84f95f08a83b1bb617) Importer(815301076,1909f56bfc062723c751e8b465ee728b)  -> (artifact id: '47b594248f74bd388f5f7a39c8ab43fc') in 0.024746 seconds 
========================================================================
Received Import Request.
  Time since last request: 0.000023 seconds.
  path: Assets/LowPoly Environment Pack/Prefabs/Tree_2.prefab
  artifactKey: Guid(dc00aab85b301f242896a77c4b442ec0) Importer(815301076,1909f56bfc062723c751e8b465ee728b)
Start importing Assets/LowPoly Environment Pack/Prefabs/Tree_2.prefab using Guid(dc00aab85b301f242896a77c4b442ec0) Importer(815301076,1909f56bfc062723c751e8b465ee728b)  -> (artifact id: 'd5f3f744c52d6137238d0f4f055ce805') in 0.041921 seconds 
========================================================================
Received Import Request.
  Time since last request: 0.000020 seconds.
  path: Assets/LowPoly Environment Pack/Prefabs/Mounting_3.prefab
  artifactKey: Guid(37bf6b4eaddee8d448771b63238e03d1) Importer(815301076,1909f56bfc062723c751e8b465ee728b)
Start importing Assets/LowPoly Environment Pack/Prefabs/Mounting_3.prefab using Guid(37bf6b4eaddee8d448771b63238e03d1) Importer(815301076,1909f56bfc062723c751e8b465ee728b)  -> (artifact id: '7c715864fce67bbcf873ddedd20520cb') in 0.034954 seconds 
========================================================================
Received Import Request.
  Time since last request: 0.000027 seconds.
  path: Assets/LowPoly Environment Pack/Prefabs/Rock_5.prefab
  artifactKey: Guid(3a33ce58c20826a4ea7253f84444654b) Importer(815301076,1909f56bfc062723c751e8b465ee728b)
Start importing Assets/LowPoly Environment Pack/Prefabs/Rock_5.prefab using Guid(3a33ce58c20826a4ea7253f84444654b) Importer(815301076,1909f56bfc062723c751e8b465ee728b)  -> (artifact id: 'c7c6a258de026375585dc8af419ffb43') in 0.027986 seconds 
========================================================================
Received Import Request.
  Time since last request: 0.000020 seconds.
  path: Assets/LowPoly Environment Pack/Prefabs/Tree_3.prefab
  artifactKey: Guid(fa6105287f77b1240a0017f7d23434c2) Importer(815301076,1909f56bfc062723c751e8b465ee728b)
Start importing Assets/LowPoly Environment Pack/Prefabs/Tree_3.prefab using Guid(fa6105287f77b1240a0017f7d23434c2) Importer(815301076,1909f56bfc062723c751e8b465ee728b)  -> (artifact id: '394775daa827e43c17ab6df4b7a36819') in 0.034504 seconds 
========================================================================
Received Import Request.
  Time since last request: 0.000031 seconds.
  path: Assets/LowPoly Environment Pack/Prefabs/Plant_6.prefab
  artifactKey: Guid(21cba551342e0284a87bcb1672a662d2) Importer(815301076,1909f56bfc062723c751e8b465ee728b)
Start importing Assets/LowPoly Environment Pack/Prefabs/Plant_6.prefab using Guid(21cba551342e0284a87bcb1672a662d2) Importer(815301076,1909f56bfc062723c751e8b465ee728b)  -> (artifact id: 'bf12e56ad037967430cf3d4b33f0da2b') in 0.034802 seconds 
========================================================================
Received Import Request.
  Time since last request: 0.000020 seconds.
  path: Assets/LowPoly Environment Pack/Prefabs/Log_2.prefab
  artifactKey: Guid(7c1b7eb3905d5694688d9bb9fe2c0d47) Importer(815301076,1909f56bfc062723c751e8b465ee728b)
Start importing Assets/LowPoly Environment Pack/Prefabs/Log_2.prefab using Guid(7c1b7eb3905d5694688d9bb9fe2c0d47) Importer(815301076,1909f56bfc062723c751e8b465ee728b)  -> (artifact id: '70da7b6e3f234ae0734035eefa60db3e') in 0.025982 seconds 
========================================================================
Received Import Request.
  Time since last request: 0.000033 seconds.
  path: Assets/LowPoly Environment Pack/Prefabs/Plant_4.prefab
  artifactKey: Guid(41e722f5443cbd048b675375e24f1beb) Importer(815301076,1909f56bfc062723c751e8b465ee728b)
Start importing Assets/LowPoly Environment Pack/Prefabs/Plant_4.prefab using Guid(41e722f5443cbd048b675375e24f1beb) Importer(815301076,1909f56bfc062723c751e8b465ee728b)  -> (artifact id: 'fc75eb5c1629c4a8aa4702fdee382a90') in 0.029850 seconds 
========================================================================
Received Import Request.
  Time since last request: 0.000019 seconds.
  path: Assets/LowPoly Environment Pack/Prefabs/Log_3.prefab
  artifactKey: Guid(d7de6c400fc6dce4e847672adb026364) Importer(815301076,1909f56bfc062723c751e8b465ee728b)
Start importing Assets/LowPoly Environment Pack/Prefabs/Log_3.prefab using Guid(d7de6c400fc6dce4e847672adb026364) Importer(815301076,1909f56bfc062723c751e8b465ee728b)  -> (artifact id: '081c2d1c91005d4e0fa96c7af4dc3055') in 0.029761 seconds 
========================================================================
Received Import Request.
  Time since last request: 0.000015 seconds.
  path: Assets/LowPoly Environment Pack/Prefabs/Terrain_2.prefab
  artifactKey: Guid(ef140beec582a5a46a6362fcfc31784d) Importer(815301076,1909f56bfc062723c751e8b465ee728b)
Start importing Assets/LowPoly Environment Pack/Prefabs/Terrain_2.prefab using Guid(ef140beec582a5a46a6362fcfc31784d) Importer(815301076,1909f56bfc062723c751e8b465ee728b)  -> (artifact id: '7f620105ea0a5a915e003002ff8a24fe') in 0.023678 seconds 
========================================================================
Received Import Request.
  Time since last request: 0.000029 seconds.
  path: Assets/LowPoly Environment Pack/Prefabs/Plant_7.prefab
  artifactKey: Guid(1a6a34cedc83b654099dbb403ec40524) Importer(815301076,1909f56bfc062723c751e8b465ee728b)
Start importing Assets/LowPoly Environment Pack/Prefabs/Plant_7.prefab using Guid(1a6a34cedc83b654099dbb403ec40524) Importer(815301076,1909f56bfc062723c751e8b465ee728b)  -> (artifact id: '823260e67101ca624d8b89ef86c7d6a5') in 0.027100 seconds 
========================================================================
Received Import Request.
  Time since last request: 0.000023 seconds.
  path: Assets/LowPoly Environment Pack/Prefabs/Stone_1.prefab
  artifactKey: Guid(0f9577b4dda6cc546abea4737be5a392) Importer(815301076,1909f56bfc062723c751e8b465ee728b)
Start importing Assets/LowPoly Environment Pack/Prefabs/Stone_1.prefab using Guid(0f9577b4dda6cc546abea4737be5a392) Importer(815301076,1909f56bfc062723c751e8b465ee728b)  -> (artifact id: 'c9a1d44b26774d5b98fd4ce5ee32005b') in 0.019428 seconds 
========================================================================
Received Import Request.
  Time since last request: 0.000017 seconds.
  path: Assets/LowPoly Environment Pack/Prefabs/Grass_1.prefab
  artifactKey: Guid(b2199aadf1bb8c4449f3edfc84a39f78) Importer(815301076,1909f56bfc062723c751e8b465ee728b)
Start importing Assets/LowPoly Environment Pack/Prefabs/Grass_1.prefab using Guid(b2199aadf1bb8c4449f3edfc84a39f78) Importer(815301076,1909f56bfc062723c751e8b465ee728b)  -> (artifact id: '464ca520c149b7634de8afd7c790ad2d') in 0.024106 seconds 
Editor requested this worker to shutdown with reason: Scaling down because of idle timeout
AssetImportWorker is now disconnected from the server
Process exiting
Exiting without the bug reporter. Application will terminate with return code 0