Using pre-set license
Built from '2021.3/staging' branch; Version is '2021.3.24f1 (cf10dcf7010d) revision 13570268'; Using compiler version '192829333'; Build Type 'Release'
OS: 'Windows 10  (10.0.19045) 64bit Core' Language: 'ko' Physical Memory: 16315 MB
BatchMode: 1, IsHumanControllingUs: 0, StartBugReporterOnCrash: 0, Is64bit: 1, IsPro: 1

COMMAND LINE ARGUMENTS:
C:\Program Files\Unity 2021.3.24f1\Editor\Unity.exe
-adb2
-batchMode
-noUpm
-name
AssetImportWorker0
-projectPath
C:/UnityGit/VRchery/VRchery
-logFile
Logs/AssetImportWorker0.log
-srvPort
63102
Successfully changed project path to: C:/UnityGit/VRchery/VRchery
C:/UnityGit/VRchery/VRchery
[UnityMemory] Configuration Parameters - Can be set up in boot.config
    "memorysetup-bucket-allocator-granularity=16"
    "memorysetup-bucket-allocator-bucket-count=8"
    "memorysetup-bucket-allocator-block-size=33554432"
    "memorysetup-bucket-allocator-block-count=8"
    "memorysetup-main-allocator-block-size=16777216"
    "memorysetup-thread-allocator-block-size=16777216"
    "memorysetup-gfx-main-allocator-block-size=16777216"
    "memorysetup-gfx-thread-allocator-block-size=16777216"
    "memorysetup-cache-allocator-block-size=4194304"
    "memorysetup-typetree-allocator-block-size=2097152"
    "memorysetup-profiler-bucket-allocator-granularity=16"
    "memorysetup-profiler-bucket-allocator-bucket-count=8"
    "memorysetup-profiler-bucket-allocator-block-size=33554432"
    "memorysetup-profiler-bucket-allocator-block-count=8"
    "memorysetup-profiler-allocator-block-size=16777216"
    "memorysetup-profiler-editor-allocator-block-size=1048576"
    "memorysetup-temp-allocator-size-main=16777216"
    "memorysetup-job-temp-allocator-block-size=2097152"
    "memorysetup-job-temp-allocator-block-size-background=1048576"
    "memorysetup-job-temp-allocator-reduction-small-platforms=262144"
    "memorysetup-temp-allocator-size-background-worker=32768"
    "memorysetup-temp-allocator-size-job-worker=262144"
    "memorysetup-temp-allocator-size-preload-manager=33554432"
    "memorysetup-temp-allocator-size-nav-mesh-worker=65536"
    "memorysetup-temp-allocator-size-audio-worker=65536"
    "memorysetup-temp-allocator-size-cloud-worker=32768"
    "memorysetup-temp-allocator-size-gi-baking-worker=262144"
    "memorysetup-temp-allocator-size-gfx=262144"
Player connection [25680] Host "[IP] 192.168.140.1 [Port] 0 [Flags] 2 [Guid] 3099545350 [EditorId] 3099545350 [Version] 1048832 [Id] WindowsEditor(7,DESKTOP-A511SJS) [Debug] 1 [PackageName] WindowsEditor [ProjectName] Editor" joined multi-casting on [225.0.0.222:54997]...

Player connection [25680] Host "[IP] 192.168.140.1 [Port] 0 [Flags] 2 [Guid] 3099545350 [EditorId] 3099545350 [Version] 1048832 [Id] WindowsEditor(7,DESKTOP-A511SJS) [Debug] 1 [PackageName] WindowsEditor [ProjectName] Editor" joined alternative multi-casting on [225.0.0.222:34997]...

Refreshing native plugins compatible for Editor in 86.67 ms, found 3 plugins.
Preloading 0 native plugins for Editor in 0.00 ms.
Initialize engine version: 2021.3.24f1 (cf10dcf7010d)
[Subsystems] Discovering subsystems at path C:/Program Files/Unity 2021.3.24f1/Editor/Data/Resources/UnitySubsystems
[Subsystems] Discovering subsystems at path C:/UnityGit/VRchery/VRchery/Assets
GfxDevice: creating device client; threaded=0; jobified=0
Direct3D:
    Version:  Direct3D 11.0 [level 11.1]
    Renderer: NVIDIA GeForce RTX 2070 SUPER (ID=0x1e84)
    Vendor:   NVIDIA
    VRAM:     8003 MB
    Driver:   31.0.15.3179
Initialize mono
Mono path[0] = 'C:/Program Files/Unity 2021.3.24f1/Editor/Data/Managed'
Mono path[1] = 'C:/Program Files/Unity 2021.3.24f1/Editor/Data/MonoBleedingEdge/lib/mono/unityjit-win32'
Mono config path = 'C:/Program Files/Unity 2021.3.24f1/Editor/Data/MonoBleedingEdge/etc'
Using monoOptions --debugger-agent=transport=dt_socket,embedding=1,server=y,suspend=n,address=127.0.0.1:56868
Begin MonoManager ReloadAssembly
Registering precompiled unity dll's ...
Register platform support module: C:/Program Files/Unity 2021.3.24f1/Editor/Data/PlaybackEngines/WindowsStandaloneSupport/UnityEditor.WindowsStandalone.Extensions.dll
Registered in 0.005432 seconds.
Native extension for WindowsStandalone target not found
Refreshing native plugins compatible for Editor in 81.64 ms, found 3 plugins.
Preloading 0 native plugins for Editor in 0.00 ms.
Mono: successfully reloaded assembly
- Completed reload, in  0.602 seconds
Domain Reload Profiling:
	ReloadAssembly (603ms)
		BeginReloadAssembly (93ms)
			ExecutionOrderSort (0ms)
			DisableScriptedObjects (0ms)
			BackupInstance (0ms)
			ReleaseScriptingObjects (0ms)
			CreateAndSetChildDomain (1ms)
		EndReloadAssembly (412ms)
			LoadAssemblies (91ms)
			RebuildTransferFunctionScriptingTraits (0ms)
			SetupTypeCache (95ms)
			ReleaseScriptCaches (0ms)
			RebuildScriptCaches (25ms)
			SetupLoadedEditorAssemblies (245ms)
				LogAssemblyErrors (0ms)
				InitializePlatformSupportModulesInManaged (7ms)
				SetLoadedEditorAssemblies (0ms)
				RefreshPlugins (82ms)
				BeforeProcessingInitializeOnLoad (1ms)
				ProcessInitializeOnLoadAttributes (111ms)
				ProcessInitializeOnLoadMethodAttributes (44ms)
				AfterProcessingInitializeOnLoad (0ms)
				EditorAssembliesLoaded (0ms)
			ExecutionOrderSort2 (0ms)
			AwakeInstancesAfterBackupRestoration (0ms)
Platform modules already initialized, skipping
Registering precompiled user dll's ...
Registered in 0.007705 seconds.
Begin MonoManager ReloadAssembly
Symbol file LoadedFromMemory doesn't match image C:\UnityGit\VRchery\VRchery\Library\PackageCache\com.unity.visualscripting@1.8.0\Editor\VisualScripting.Core\Dependencies\YamlDotNet\Unity.VisualScripting.YamlDotNet.dll
Symbol file LoadedFromMemory doesn't match image C:\UnityGit\VRchery\VRchery\Library\PackageCache\com.unity.visualscripting@1.8.0\Editor\VisualScripting.Core\Dependencies\DotNetZip\Unity.VisualScripting.IonicZip.dll
Native extension for WindowsStandalone target not found
Refreshing native plugins compatible for Editor in 0.65 ms, found 3 plugins.
Preloading 0 native plugins for Editor in 0.00 ms.
Mono: successfully reloaded assembly
- Completed reload, in  1.157 seconds
Domain Reload Profiling:
	ReloadAssembly (1157ms)
		BeginReloadAssembly (157ms)
			ExecutionOrderSort (0ms)
			DisableScriptedObjects (7ms)
			BackupInstance (0ms)
			ReleaseScriptingObjects (0ms)
			CreateAndSetChildDomain (23ms)
		EndReloadAssembly (892ms)
			LoadAssemblies (105ms)
			RebuildTransferFunctionScriptingTraits (0ms)
			SetupTypeCache (250ms)
			ReleaseScriptCaches (1ms)
			RebuildScriptCaches (64ms)
			SetupLoadedEditorAssemblies (449ms)
				LogAssemblyErrors (0ms)
				InitializePlatformSupportModulesInManaged (5ms)
				SetLoadedEditorAssemblies (0ms)
				RefreshPlugins (1ms)
				BeforeProcessingInitializeOnLoad (81ms)
				ProcessInitializeOnLoadAttributes (335ms)
				ProcessInitializeOnLoadMethodAttributes (17ms)
				AfterProcessingInitializeOnLoad (9ms)
				EditorAssembliesLoaded (0ms)
			ExecutionOrderSort2 (0ms)
			AwakeInstancesAfterBackupRestoration (11ms)
Platform modules already initialized, skipping
========================================================================
Worker process is ready to serve import requests
Launched and connected shader compiler UnityShaderCompiler.exe after 0.07 seconds
Refreshing native plugins compatible for Editor in 1.10 ms, found 3 plugins.
Preloading 0 native plugins for Editor in 0.00 ms.
Unloading 3070 Unused Serialized files (Serialized files now loaded: 0)
Unloading 26 unused Assets / (120.4 KB). Loaded Objects now: 3696.
Memory consumption went from 171.1 MB to 171.0 MB.
Total: 3.891700 ms (FindLiveObjects: 0.448100 ms CreateObjectMapping: 0.127600 ms MarkObjects: 3.161500 ms  DeleteObjects: 0.153700 ms)

AssetImportParameters requested are different than current active one (requested -> active):
  custom:video-decoder-ogg-theora: a1e56fd34408186e4bbccfd4996cb3dc -> 
  custom:container-muxer-webm: aa71ff27fc2769a1b78a27578f13a17b -> 
  custom:container-demuxer-webm: 4f35f7cbe854078d1ac9338744f61a02 -> 
  custom:video-encoder-webm-vp8: eb34c28f22e8b96e1ab97ce403110664 -> 
  custom:audio-encoder-webm-vorbis: bf7c407c2cedff20999df2af8eb42d56 -> 
  custom:framework-win-MediaFoundation: 216162199b28c13a410421893ffa2e32 -> 
  custom:container-demuxer-ogg: 62fdf1f143b41e24485cea50d1cbac27 -> 
  custom:video-decoder-webm-vp8: 9c59270c3fd7afecdb556c50c9e8de78 -> 
  custom:audio-decoder-ogg-vorbis: bf7c407c2cedff20999df2af8eb42d56 -> 
========================================================================
Received Import Request.
  Time since last request: 22833.923708 seconds.
  path: Assets/3D Pirates Lowpoly Pack/SampleScene.unity
  artifactKey: Guid(9fc0d4010bbf28b4594072e72b8655ab) Importer(815301076,1909f56bfc062723c751e8b465ee728b)
Start importing Assets/3D Pirates Lowpoly Pack/SampleScene.unity using Guid(9fc0d4010bbf28b4594072e72b8655ab) Importer(815301076,1909f56bfc062723c751e8b465ee728b)  -> (artifact id: '8f2dbbc1cedfd0107ca1ad38e8220053') in 0.015477 seconds 
========================================================================
Received Import Request.
  Time since last request: 32.092386 seconds.
  path: Assets/3D Pirates Lowpoly Pack/Prefabs
  artifactKey: Guid(8b20bea29a7bd9e4c8f46722a083030a) Importer(815301076,1909f56bfc062723c751e8b465ee728b)
Start importing Assets/3D Pirates Lowpoly Pack/Prefabs using Guid(8b20bea29a7bd9e4c8f46722a083030a) Importer(815301076,1909f56bfc062723c751e8b465ee728b)  -> (artifact id: 'e9e870eab79966bdb18a8940a262a4a3') in 0.008598 seconds 
========================================================================
Received Import Request.
  Time since last request: 0.863274 seconds.
  path: Assets/3D Pirates Lowpoly Pack/Materials
  artifactKey: Guid(57e5bcb1e8118b94c959c1bea1087f9e) Importer(815301076,1909f56bfc062723c751e8b465ee728b)
Start importing Assets/3D Pirates Lowpoly Pack/Materials using Guid(57e5bcb1e8118b94c959c1bea1087f9e) Importer(815301076,1909f56bfc062723c751e8b465ee728b)  -> (artifact id: '961b98139523bd0ae36ebd0f6a566e49') in 0.006505 seconds 
========================================================================
Received Import Request.
  Time since last request: 0.496054 seconds.
  path: Assets/3D Pirates Lowpoly Pack/Prefabs/00_Island_1.prefab
  artifactKey: Guid(f707191a539c0ae4989d856bea091177) Importer(815301076,1909f56bfc062723c751e8b465ee728b)
Start importing Assets/3D Pirates Lowpoly Pack/Prefabs/00_Island_1.prefab using Guid(f707191a539c0ae4989d856bea091177) Importer(815301076,1909f56bfc062723c751e8b465ee728b)  -> (artifact id: 'b125314c8fc1f9f70365b82f68106cba') in 0.283370 seconds 
========================================================================
Received Import Request.
  Time since last request: 0.000017 seconds.
  path: Assets/3D Pirates Lowpoly Pack/Prefabs/02_Market_Barrel_Stack_3.prefab
  artifactKey: Guid(4ab2a9173bca1d748b8bef2716372344) Importer(815301076,1909f56bfc062723c751e8b465ee728b)
Start importing Assets/3D Pirates Lowpoly Pack/Prefabs/02_Market_Barrel_Stack_3.prefab using Guid(4ab2a9173bca1d748b8bef2716372344) Importer(815301076,1909f56bfc062723c751e8b465ee728b)  -> (artifact id: '060b443fdf292349d01500588854e208') in 0.018851 seconds 
========================================================================
Received Import Request.
  Time since last request: 0.000025 seconds.
  path: Assets/3D Pirates Lowpoly Pack/Prefabs/02_Market_Crate_2.prefab
  artifactKey: Guid(ee3e1c46b473f744bb23691f03d6d290) Importer(815301076,1909f56bfc062723c751e8b465ee728b)
Start importing Assets/3D Pirates Lowpoly Pack/Prefabs/02_Market_Crate_2.prefab using Guid(ee3e1c46b473f744bb23691f03d6d290) Importer(815301076,1909f56bfc062723c751e8b465ee728b)  -> (artifact id: 'f182f1d4121e07206cf1941df93802e8') in 0.019051 seconds 
========================================================================
Received Import Request.
  Time since last request: 0.000016 seconds.
  path: Assets/3D Pirates Lowpoly Pack/Prefabs/06_MusketShop_RiffleBox_Closed.prefab
  artifactKey: Guid(3ab6ecd809b6fda4a8e019087500ac62) Importer(815301076,1909f56bfc062723c751e8b465ee728b)
Start importing Assets/3D Pirates Lowpoly Pack/Prefabs/06_MusketShop_RiffleBox_Closed.prefab using Guid(3ab6ecd809b6fda4a8e019087500ac62) Importer(815301076,1909f56bfc062723c751e8b465ee728b)  -> (artifact id: '6ebdac2dfe581418fbb90a3f5770b62a') in 0.019578 seconds 
========================================================================
Received Import Request.
  Time since last request: 0.000024 seconds.
  path: Assets/3D Pirates Lowpoly Pack/Prefabs/05_Destilery_Rum_Crate_2.prefab
  artifactKey: Guid(62fe7dc6b33113c49874afdfe4c468ad) Importer(815301076,1909f56bfc062723c751e8b465ee728b)
Start importing Assets/3D Pirates Lowpoly Pack/Prefabs/05_Destilery_Rum_Crate_2.prefab using Guid(62fe7dc6b33113c49874afdfe4c468ad) Importer(815301076,1909f56bfc062723c751e8b465ee728b)  -> (artifact id: '58e81596ac3dcf0f2aad8802ffb0e58e') in 0.013615 seconds 
========================================================================
Received Import Request.
  Time since last request: 0.000018 seconds.
  path: Assets/3D Pirates Lowpoly Pack/Prefabs/05_Destilery_Rum_Bottle_1.prefab
  artifactKey: Guid(86b8a3fb474b5e2438ebc8b7758eabd5) Importer(815301076,1909f56bfc062723c751e8b465ee728b)
Start importing Assets/3D Pirates Lowpoly Pack/Prefabs/05_Destilery_Rum_Bottle_1.prefab using Guid(86b8a3fb474b5e2438ebc8b7758eabd5) Importer(815301076,1909f56bfc062723c751e8b465ee728b)  -> (artifact id: 'e6de3f7f6f98f0356e83be0731c71113') in 0.017218 seconds 
========================================================================
Received Import Request.
  Time since last request: 0.000019 seconds.
  path: Assets/3D Pirates Lowpoly Pack/Prefabs/03_FishermanHouse_Banner_BigFish.prefab
  artifactKey: Guid(2685b11b50a4a9143ad61cec63d3d166) Importer(815301076,1909f56bfc062723c751e8b465ee728b)
Start importing Assets/3D Pirates Lowpoly Pack/Prefabs/03_FishermanHouse_Banner_BigFish.prefab using Guid(2685b11b50a4a9143ad61cec63d3d166) Importer(815301076,1909f56bfc062723c751e8b465ee728b)  -> (artifact id: '6a5e53cd489f462f5fce880178b50ec9') in 0.017831 seconds 
========================================================================
Received Import Request.
  Time since last request: 0.000015 seconds.
  path: Assets/3D Pirates Lowpoly Pack/Prefabs/04_CannonShop_Cannon.prefab
  artifactKey: Guid(2f6bffba9cee7dd47bfbd80cc1d09c19) Importer(815301076,1909f56bfc062723c751e8b465ee728b)
Start importing Assets/3D Pirates Lowpoly Pack/Prefabs/04_CannonShop_Cannon.prefab using Guid(2f6bffba9cee7dd47bfbd80cc1d09c19) Importer(815301076,1909f56bfc062723c751e8b465ee728b)  -> (artifact id: 'd4dc2aa4162505e10b094f524b920ae7') in 0.018902 seconds 
========================================================================
Received Import Request.
  Time since last request: 0.000020 seconds.
  path: Assets/3D Pirates Lowpoly Pack/Prefabs/99_Ship_L1.prefab
  artifactKey: Guid(25ac759efb426bd4b94c0d86aeafac49) Importer(815301076,1909f56bfc062723c751e8b465ee728b)
Start importing Assets/3D Pirates Lowpoly Pack/Prefabs/99_Ship_L1.prefab using Guid(25ac759efb426bd4b94c0d86aeafac49) Importer(815301076,1909f56bfc062723c751e8b465ee728b)  -> (artifact id: 'd7387c98b04aa3ec9fffe8e530cadf30') in 0.029678 seconds 
========================================================================
Received Import Request.
  Time since last request: 0.000027 seconds.
  path: Assets/3D Pirates Lowpoly Pack/Prefabs/03_FishermanHouse_FishermanStand_1.prefab
  artifactKey: Guid(fb3d2db896a39834e9cf017f7fbf3d0b) Importer(815301076,1909f56bfc062723c751e8b465ee728b)
Start importing Assets/3D Pirates Lowpoly Pack/Prefabs/03_FishermanHouse_FishermanStand_1.prefab using Guid(fb3d2db896a39834e9cf017f7fbf3d0b) Importer(815301076,1909f56bfc062723c751e8b465ee728b)  -> (artifact id: 'e8c79d6189757b2831a6f53510f3fd41') in 0.014342 seconds 
========================================================================
Received Import Request.
  Time since last request: 0.000017 seconds.
  path: Assets/3D Pirates Lowpoly Pack/Prefabs/06_MusketShop_Stander_Empty.prefab
  artifactKey: Guid(c1396b1b0a8cafd4cbf9bc5de702b189) Importer(815301076,1909f56bfc062723c751e8b465ee728b)
Start importing Assets/3D Pirates Lowpoly Pack/Prefabs/06_MusketShop_Stander_Empty.prefab using Guid(c1396b1b0a8cafd4cbf9bc5de702b189) Importer(815301076,1909f56bfc062723c751e8b465ee728b)  -> (artifact id: '1e6021d2d587deb0522e846d4ea9fd9f') in 0.019057 seconds 
========================================================================
Received Import Request.
  Time since last request: 0.000022 seconds.
  path: Assets/3D Pirates Lowpoly Pack/Prefabs/05_Destilery_Rum_Bottle_2.prefab
  artifactKey: Guid(ee7949998c0b4fc4993de37bc53400b5) Importer(815301076,1909f56bfc062723c751e8b465ee728b)
Start importing Assets/3D Pirates Lowpoly Pack/Prefabs/05_Destilery_Rum_Bottle_2.prefab using Guid(ee7949998c0b4fc4993de37bc53400b5) Importer(815301076,1909f56bfc062723c751e8b465ee728b)  -> (artifact id: '54738b7da129015914a5a34c4181f172') in 0.015654 seconds 
========================================================================
Received Import Request.
  Time since last request: 0.000026 seconds.
  path: Assets/3D Pirates Lowpoly Pack/Prefabs/04_CannonShop_CannonBall_Stack.prefab
  artifactKey: Guid(9bb1d9f26fdd6d343bd427c6a98f4ac9) Importer(815301076,1909f56bfc062723c751e8b465ee728b)
Start importing Assets/3D Pirates Lowpoly Pack/Prefabs/04_CannonShop_CannonBall_Stack.prefab using Guid(9bb1d9f26fdd6d343bd427c6a98f4ac9) Importer(815301076,1909f56bfc062723c751e8b465ee728b)  -> (artifact id: '1977900b2b819a6ba4f99ca1c243c46d') in 0.015044 seconds 
========================================================================
Received Import Request.
  Time since last request: 0.000017 seconds.
  path: Assets/3D Pirates Lowpoly Pack/Prefabs/03_FishermanHouse_FishermanStand_5.prefab
  artifactKey: Guid(b568ad3ae8d22a54383ca664b77b58cd) Importer(815301076,1909f56bfc062723c751e8b465ee728b)
Start importing Assets/3D Pirates Lowpoly Pack/Prefabs/03_FishermanHouse_FishermanStand_5.prefab using Guid(b568ad3ae8d22a54383ca664b77b58cd) Importer(815301076,1909f56bfc062723c751e8b465ee728b)  -> (artifact id: '0c643675f8dd13d97a445ddb20da4533') in 0.018999 seconds 
========================================================================
Received Import Request.
  Time since last request: 0.000017 seconds.
  path: Assets/3D Pirates Lowpoly Pack/Prefabs/99_Ship_L2.prefab
  artifactKey: Guid(a0de0a21bf9c7fa478938b5d66a18878) Importer(815301076,1909f56bfc062723c751e8b465ee728b)
Start importing Assets/3D Pirates Lowpoly Pack/Prefabs/99_Ship_L2.prefab using Guid(a0de0a21bf9c7fa478938b5d66a18878) Importer(815301076,1909f56bfc062723c751e8b465ee728b)  -> (artifact id: 'ba61987f6b70addee56d98a090532bd2') in 0.020391 seconds 
========================================================================
Received Import Request.
  Time since last request: 0.000017 seconds.
  path: Assets/3D Pirates Lowpoly Pack/Prefabs/00_Island_3.prefab
  artifactKey: Guid(7ff62cc2df01cb449866b00451ac402d) Importer(815301076,1909f56bfc062723c751e8b465ee728b)
Start importing Assets/3D Pirates Lowpoly Pack/Prefabs/00_Island_3.prefab using Guid(7ff62cc2df01cb449866b00451ac402d) Importer(815301076,1909f56bfc062723c751e8b465ee728b)  -> (artifact id: '037f8814cf5c3baee9d054faf2a55287') in 0.024013 seconds 
========================================================================
Received Import Request.
  Time since last request: 0.000021 seconds.
  path: Assets/3D Pirates Lowpoly Pack/Prefabs/06_MusketShop_Pistol.prefab
  artifactKey: Guid(dc2c916f047ff644a92e6e295170157e) Importer(815301076,1909f56bfc062723c751e8b465ee728b)
Start importing Assets/3D Pirates Lowpoly Pack/Prefabs/06_MusketShop_Pistol.prefab using Guid(dc2c916f047ff644a92e6e295170157e) Importer(815301076,1909f56bfc062723c751e8b465ee728b)  -> (artifact id: 'e80d22d2f8c9bb549958da33f79c661c') in 0.015042 seconds 
========================================================================
Received Import Request.
  Time since last request: 0.000019 seconds.
  path: Assets/3D Pirates Lowpoly Pack/Prefabs/03_FishermanHouse_FishermanStand_4.prefab
  artifactKey: Guid(87f3870237b133e4bb0d429e8e4bcb61) Importer(815301076,1909f56bfc062723c751e8b465ee728b)
Start importing Assets/3D Pirates Lowpoly Pack/Prefabs/03_FishermanHouse_FishermanStand_4.prefab using Guid(87f3870237b133e4bb0d429e8e4bcb61) Importer(815301076,1909f56bfc062723c751e8b465ee728b)  -> (artifact id: '9f54a0af50dcb987cb7c2ea964b57fed') in 0.013192 seconds 
========================================================================
Received Import Request.
  Time since last request: 0.000017 seconds.
  path: Assets/3D Pirates Lowpoly Pack/Prefabs/06_MusketShop_Banner.prefab
  artifactKey: Guid(2867abe7f655c6143a01ae963ab7c4f0) Importer(815301076,1909f56bfc062723c751e8b465ee728b)
Start importing Assets/3D Pirates Lowpoly Pack/Prefabs/06_MusketShop_Banner.prefab using Guid(2867abe7f655c6143a01ae963ab7c4f0) Importer(815301076,1909f56bfc062723c751e8b465ee728b)  -> (artifact id: 'ce3ee36ec49aff3f903ef5004f76210e') in 0.017399 seconds 
========================================================================
Received Import Request.
  Time since last request: 0.000019 seconds.
  path: Assets/3D Pirates Lowpoly Pack/Prefabs/04_CannonShop_CannonBalls_Crate.prefab
  artifactKey: Guid(980b91e8cbed06e478940675b9fff521) Importer(815301076,1909f56bfc062723c751e8b465ee728b)
Start importing Assets/3D Pirates Lowpoly Pack/Prefabs/04_CannonShop_CannonBalls_Crate.prefab using Guid(980b91e8cbed06e478940675b9fff521) Importer(815301076,1909f56bfc062723c751e8b465ee728b)  -> (artifact id: '63e1089d30f2ec58226e94682401e427') in 0.019349 seconds 
========================================================================
Received Import Request.
  Time since last request: 0.000024 seconds.
  path: Assets/3D Pirates Lowpoly Pack/Prefabs/04_CannonShop_Cannon_Mold_Empty.prefab
  artifactKey: Guid(3cc0a3b38f78b5e4abba4c10e1a0a1d4) Importer(815301076,1909f56bfc062723c751e8b465ee728b)
Start importing Assets/3D Pirates Lowpoly Pack/Prefabs/04_CannonShop_Cannon_Mold_Empty.prefab using Guid(3cc0a3b38f78b5e4abba4c10e1a0a1d4) Importer(815301076,1909f56bfc062723c751e8b465ee728b)  -> (artifact id: '0907d37658c231cd8bee191838ab8d1f') in 0.014976 seconds 
========================================================================
Received Import Request.
  Time since last request: 0.000017 seconds.
  path: Assets/3D Pirates Lowpoly Pack/Prefabs/02_Market_Banner_Barrels.prefab
  artifactKey: Guid(ff844aaa1271ce641a549a498365d900) Importer(815301076,1909f56bfc062723c751e8b465ee728b)
Start importing Assets/3D Pirates Lowpoly Pack/Prefabs/02_Market_Banner_Barrels.prefab using Guid(ff844aaa1271ce641a549a498365d900) Importer(815301076,1909f56bfc062723c751e8b465ee728b)  -> (artifact id: '1ed8bd65f7344945f82f25b0f23dce09') in 0.014610 seconds 
========================================================================
Received Import Request.
  Time since last request: 0.000017 seconds.
  path: Assets/3D Pirates Lowpoly Pack/Prefabs/00_Island_4.prefab
  artifactKey: Guid(a9b4030b71d90474d80a59d6f29c3d8e) Importer(815301076,1909f56bfc062723c751e8b465ee728b)
Start importing Assets/3D Pirates Lowpoly Pack/Prefabs/00_Island_4.prefab using Guid(a9b4030b71d90474d80a59d6f29c3d8e) Importer(815301076,1909f56bfc062723c751e8b465ee728b)  -> (artifact id: '173d8d998c2d579cc2510e2fd7a6ece3') in 0.021029 seconds 
========================================================================
Received Import Request.
  Time since last request: 0.000031 seconds.
  path: Assets/3D Pirates Lowpoly Pack/Prefabs/01_House_3.prefab
  artifactKey: Guid(8081c48a6021ba84a9236faf0abc32cb) Importer(815301076,1909f56bfc062723c751e8b465ee728b)
Start importing Assets/3D Pirates Lowpoly Pack/Prefabs/01_House_3.prefab using Guid(8081c48a6021ba84a9236faf0abc32cb) Importer(815301076,1909f56bfc062723c751e8b465ee728b)  -> (artifact id: '0252c03383cd45daad7d1fc4b56b7107') in 0.016173 seconds 
========================================================================
Received Import Request.
  Time since last request: 0.000022 seconds.
  path: Assets/3D Pirates Lowpoly Pack/Prefabs/06_MusketShop_Rifle_2.prefab
  artifactKey: Guid(b72a676fdf113de4ab4e96931bbb8dad) Importer(815301076,1909f56bfc062723c751e8b465ee728b)
Start importing Assets/3D Pirates Lowpoly Pack/Prefabs/06_MusketShop_Rifle_2.prefab using Guid(b72a676fdf113de4ab4e96931bbb8dad) Importer(815301076,1909f56bfc062723c751e8b465ee728b)  -> (artifact id: 'ae47ef2878680f95a035507888a84567') in 0.018813 seconds 
========================================================================
Received Import Request.
  Time since last request: 0.000018 seconds.
  path: Assets/3D Pirates Lowpoly Pack/Prefabs/04_CannonShop_Cannon_Mold_Crashed.prefab
  artifactKey: Guid(c9fe8eb81ebdfaa42b1ff2f2f3f83a4e) Importer(815301076,1909f56bfc062723c751e8b465ee728b)
Start importing Assets/3D Pirates Lowpoly Pack/Prefabs/04_CannonShop_Cannon_Mold_Crashed.prefab using Guid(c9fe8eb81ebdfaa42b1ff2f2f3f83a4e) Importer(815301076,1909f56bfc062723c751e8b465ee728b)  -> (artifact id: 'fbe8e227011f1cc2f7e59bfaf6c52e6d') in 0.019515 seconds 
========================================================================
Received Import Request.
  Time since last request: 0.000024 seconds.
  path: Assets/3D Pirates Lowpoly Pack/Prefabs/01_House_2.prefab
  artifactKey: Guid(598309a395a3c944191f405347a9495a) Importer(815301076,1909f56bfc062723c751e8b465ee728b)
Start importing Assets/3D Pirates Lowpoly Pack/Prefabs/01_House_2.prefab using Guid(598309a395a3c944191f405347a9495a) Importer(815301076,1909f56bfc062723c751e8b465ee728b)  -> (artifact id: '986eb50d24a41d67dc131129d66d1b5b') in 0.013832 seconds 
========================================================================
Received Import Request.
  Time since last request: 0.000017 seconds.
  path: Assets/3D Pirates Lowpoly Pack/Prefabs/02_Market_Crate_1.prefab
  artifactKey: Guid(44f6a110ca225fb4bb4436e90d0b6314) Importer(815301076,1909f56bfc062723c751e8b465ee728b)
Start importing Assets/3D Pirates Lowpoly Pack/Prefabs/02_Market_Crate_1.prefab using Guid(44f6a110ca225fb4bb4436e90d0b6314) Importer(815301076,1909f56bfc062723c751e8b465ee728b)  -> (artifact id: '8cd7fbf80d88e50968b3dd06a8f1be1b') in 0.017951 seconds 
========================================================================
Received Import Request.
  Time since last request: 0.000017 seconds.
  path: Assets/3D Pirates Lowpoly Pack/Prefabs/03_FishermanHouse_Bucket_Fishes.prefab
  artifactKey: Guid(11155f3f7bda9eb41903041db49c1b19) Importer(815301076,1909f56bfc062723c751e8b465ee728b)
Start importing Assets/3D Pirates Lowpoly Pack/Prefabs/03_FishermanHouse_Bucket_Fishes.prefab using Guid(11155f3f7bda9eb41903041db49c1b19) Importer(815301076,1909f56bfc062723c751e8b465ee728b)  -> (artifact id: '496b5545f43926f5467f5b142109e40e') in 0.013261 seconds 
========================================================================
Received Import Request.
  Time since last request: 0.000017 seconds.
  path: Assets/3D Pirates Lowpoly Pack/Prefabs/02_Market_Barrel_WithCrane.prefab
  artifactKey: Guid(dfa6b47b89aa97c4fb50a2f4bf0f00d2) Importer(815301076,1909f56bfc062723c751e8b465ee728b)
Start importing Assets/3D Pirates Lowpoly Pack/Prefabs/02_Market_Barrel_WithCrane.prefab using Guid(dfa6b47b89aa97c4fb50a2f4bf0f00d2) Importer(815301076,1909f56bfc062723c751e8b465ee728b)  -> (artifact id: '450dde59fa4d49cb84174187f1994aa2') in 0.013671 seconds 
========================================================================
Received Import Request.
  Time since last request: 0.000016 seconds.
  path: Assets/3D Pirates Lowpoly Pack/Prefabs/05_Destilery_BigTank.prefab
  artifactKey: Guid(1ca9bf76b2304564aaec878383d64bff) Importer(815301076,1909f56bfc062723c751e8b465ee728b)
Start importing Assets/3D Pirates Lowpoly Pack/Prefabs/05_Destilery_BigTank.prefab using Guid(1ca9bf76b2304564aaec878383d64bff) Importer(815301076,1909f56bfc062723c751e8b465ee728b)  -> (artifact id: '8afb5c8886b9a2bea1801c98ea16bcf2') in 0.016113 seconds 
========================================================================
Received Import Request.
  Time since last request: 0.000017 seconds.
  path: Assets/3D Pirates Lowpoly Pack/Prefabs/02_Market_Sack_Single.prefab
  artifactKey: Guid(cc04b2232a65eaf48a0dbca0b5a67c65) Importer(815301076,1909f56bfc062723c751e8b465ee728b)
Start importing Assets/3D Pirates Lowpoly Pack/Prefabs/02_Market_Sack_Single.prefab using Guid(cc04b2232a65eaf48a0dbca0b5a67c65) Importer(815301076,1909f56bfc062723c751e8b465ee728b)  -> (artifact id: '721a594ab5592a736661ed3804e93c73') in 0.016399 seconds 
========================================================================
Received Prepare
Registering precompiled user dll's ...
Registered in 0.007569 seconds.
Begin MonoManager ReloadAssembly
Symbol file LoadedFromMemory doesn't match image C:\UnityGit\VRchery\VRchery\Library\PackageCache\com.unity.visualscripting@1.8.0\Editor\VisualScripting.Core\Dependencies\YamlDotNet\Unity.VisualScripting.YamlDotNet.dll
Symbol file LoadedFromMemory doesn't match image C:\UnityGit\VRchery\VRchery\Library\PackageCache\com.unity.visualscripting@1.8.0\Editor\VisualScripting.Core\Dependencies\DotNetZip\Unity.VisualScripting.IonicZip.dll
Native extension for WindowsStandalone target not found
Refreshing native plugins compatible for Editor in 1.03 ms, found 3 plugins.
Preloading 0 native plugins for Editor in 0.00 ms.
Mono: successfully reloaded assembly
- Completed reload, in  1.060 seconds
Domain Reload Profiling:
	ReloadAssembly (1060ms)
		BeginReloadAssembly (159ms)
			ExecutionOrderSort (0ms)
			DisableScriptedObjects (4ms)
			BackupInstance (0ms)
			ReleaseScriptingObjects (0ms)
			CreateAndSetChildDomain (35ms)
		EndReloadAssembly (802ms)
			LoadAssemblies (110ms)
			RebuildTransferFunctionScriptingTraits (0ms)
			SetupTypeCache (238ms)
			ReleaseScriptCaches (1ms)
			RebuildScriptCaches (43ms)
			SetupLoadedEditorAssemblies (391ms)
				LogAssemblyErrors (0ms)
				InitializePlatformSupportModulesInManaged (7ms)
				SetLoadedEditorAssemblies (1ms)
				RefreshPlugins (1ms)
				BeforeProcessingInitializeOnLoad (66ms)
				ProcessInitializeOnLoadAttributes (291ms)
				ProcessInitializeOnLoadMethodAttributes (16ms)
				AfterProcessingInitializeOnLoad (9ms)
				EditorAssembliesLoaded (0ms)
			ExecutionOrderSort2 (0ms)
			AwakeInstancesAfterBackupRestoration (12ms)
Platform modules already initialized, skipping
Refreshing native plugins compatible for Editor in 3.76 ms, found 3 plugins.
Preloading 0 native plugins for Editor in 0.00 ms.
Unloading 3052 Unused Serialized files (Serialized files now loaded: 0)
Unloading 19 unused Assets / (87.4 KB). Loaded Objects now: 3707.
Memory consumption went from 173.8 MB to 173.7 MB.
Total: 3.623000 ms (FindLiveObjects: 0.409000 ms CreateObjectMapping: 0.099600 ms MarkObjects: 2.984500 ms  DeleteObjects: 0.128800 ms)

AssetImportParameters requested are different than current active one (requested -> active):
  custom:video-decoder-ogg-theora: a1e56fd34408186e4bbccfd4996cb3dc -> 
  custom:container-muxer-webm: aa71ff27fc2769a1b78a27578f13a17b -> 
  custom:container-demuxer-webm: 4f35f7cbe854078d1ac9338744f61a02 -> 
  custom:video-encoder-webm-vp8: eb34c28f22e8b96e1ab97ce403110664 -> 
  custom:audio-encoder-webm-vorbis: bf7c407c2cedff20999df2af8eb42d56 -> 
  custom:framework-win-MediaFoundation: 216162199b28c13a410421893ffa2e32 -> 
  custom:container-demuxer-ogg: 62fdf1f143b41e24485cea50d1cbac27 -> 
  custom:video-decoder-webm-vp8: 9c59270c3fd7afecdb556c50c9e8de78 -> 
  custom:audio-decoder-ogg-vorbis: bf7c407c2cedff20999df2af8eb42d56 -> 
AssetImportWorkerClient::OnTransportError - code=10054 error=현재 연결은 원격 호스트에 의해 강제로 끊겼습니다.
